<?xml version="1.0" encoding="UTF-8"?>
<testsuite name="com.bridgelabz.MyBinaryTreeTest" tests="3" skipped="0" failures="0" errors="0" timestamp="2021-06-11T13:34:13" hostname="LAPTOP-OKMRMTOT" time="0.003">
  <properties/>
  <testcase name="givenKeyIfPresentInTheBinaryTreeReturnTrue" classname="com.bridgelabz.MyBinaryTreeTest" time="0.002"/>
  <testcase name="given3NumbersWhenAddedToABinarySearchTreeShouldReturn3" classname="com.bridgelabz.MyBinaryTreeTest" time="0.0"/>
  <testcase name="given13NumbersWhenAddedToABinarySearchTreeShouldReturn13" classname="com.bridgelabz.MyBinaryTreeTest" time="0.0"/>
  <system-out><![CDATA[]]></system-out>
  <system-err><![CDATA[]]></system-err>
</testsuite>
