<?xml version="1.0" encoding="UTF-8"?>
<testsuite name="com.bridgelabz.MyBinaryTreeTest" tests="1" skipped="0" failures="0" errors="0" timestamp="2021-06-11T12:59:57" hostname="LAPTOP-OKMRMTOT" time="0.001">
  <properties/>
  <testcase name="given3NumbersWhenAddedToABinarySearchTreeShouldReturn3" classname="com.bridgelabz.MyBinaryTreeTest" time="0.001"/>
  <system-out><![CDATA[]]></system-out>
  <system-err><![CDATA[]]></system-err>
</testsuite>
